#
# A fatal error has been detected by the Java Runtime Environment:
#
#  EXCEPTION_ACCESS_VIOLATION (0xc0000005) at pc=0x0000000180005b00, pid=6320, tid=0x00000000000036e0
#
# JRE version: Java(TM) SE Runtime Environment (8.0_291-b10) (build 1.8.0_291-b10)
# Java VM: Java HotSpot(TM) 64-Bit Server VM (25.291-b10 mixed mode windows-amd64 compressed oops)
# Problematic frame:
# C  [rxtxSerial.dll+0x5b00]
#
# Failed to write core dump. Minidumps are not enabled by default on client versions of Windows
#
# If you would like to submit a bug report, please visit:
#   http://bugreport.java.com/bugreport/crash.jsp
# The crash happened outside the Java Virtual Machine in native code.
# See problematic frame for where to report the bug.
#

---------------  T H R E A D  ---------------

Current thread (0x000002ce3cdc1000):  JavaThread "Thread-0" [_thread_in_native, id=14048, stack(0x000000ddeac00000,0x000000ddead00000)]

siginfo: ExceptionCode=0xc0000005, reading address 0xffffffffeacff258

Registers:
RAX=0x0000000000000001, RBX=0x0000000000000000, RCX=0x000000018001d4d5, RDX=0xfffffffffffff665
RSP=0x000000ddeacfe480, RBP=0x00000000ffffffff, RSI=0x0000000000000000, RDI=0x000002ce3cdc1200
R8 =0x0000000000000002, R9 =0xfffffffffffff63c, R10=0x0000000000000002, R11=0x8101010101010100
R12=0xffffffffeacff250, R13=0x0000000000000010, R14=0x000000ddeacfe660, R15=0x0000000000000000
RIP=0x0000000180005b00, EFLAGS=0x0000000000010202

Top of Stack: (sp=0x000000ddeacfe480)
0x000000ddeacfe480:   0000000000000000 ffffffffeacff250
0x000000ddeacfe490:   0000000000000000 0000000000000000
0x000000ddeacfe4a0:   0000000000000000 000000ddeacfe660
0x000000ddeacfe4b0:   000002ce3a37bcb8 0000000000000001
0x000000ddeacfe4c0:   000002ce3cdc1200 0000000000000010
0x000000ddeacfe4d0:   ffffffffffffffff 0000000180006211
0x000000ddeacfe4e0:   000002ce3c892080 ffffffffffffffff
0x000000ddeacfe4f0:   0000000000000001 000002ce3c892080
0x000000ddeacfe500:   000002ce00000010 000000ddffffffff
0x000000ddeacfe510:   000000ddeacfe668 0000000066902dcb
0x000000ddeacfe520:   000000ddeacfe550 0000000000000000
0x000000ddeacfe530:   000002ce3cdc1000 000002ce3a9f82e0
0x000000ddeacfe540:   000002ce3a37bcc0 000002ce3cdc1000
0x000000ddeacfe550:   000002ce3a37bcc0 00007563bfc87a00
0x000000ddeacfe560:   0000000000000f4c 000002ce3a37bcb8
0x000000ddeacfe570:   000002ce3cdc1000 000000ddeacfe668 

Instructions: (pc=0x0000000180005b00)
0x0000000180005ae0:   15 23 7a 01 00 48 8d 48 60 e8 3a 5d 00 00 4c 8b
0x0000000180005af0:   e5 8b ac 24 88 00 00 00 44 8b ac 24 80 00 00 00
0x0000000180005b00:   45 8b 74 24 08 41 89 5c 24 08 41 8b fd 85 ed 78
0x0000000180005b10:   09 ff 15 e9 14 01 00 44 8b f8 45 85 ed 7e 4a 90 


Register to memory mapping:

RAX=0x0000000000000001 is an unknown value
RBX=0x0000000000000000 is an unknown value
RCX=0x000000018001d4d5 is an unknown value
RDX=0xfffffffffffff665 is an unknown value
RSP=0x000000ddeacfe480 is pointing into the stack for thread: 0x000002ce3cdc1000
RBP=0x00000000ffffffff is an unallocated location in the heap
RSI=0x0000000000000000 is an unknown value
RDI=0x000002ce3cdc1200 is an unknown value
R8 =0x0000000000000002 is an unknown value
R9 =0xfffffffffffff63c is an unknown value
R10=0x0000000000000002 is an unknown value
R11=0x8101010101010100 is an unknown value
R12=0xffffffffeacff250 is an unknown value
R13=0x0000000000000010 is an unknown value
R14=0x000000ddeacfe660 is pointing into the stack for thread: 0x000002ce3cdc1000
R15=0x0000000000000000 is an unknown value


Stack: [0x000000ddeac00000,0x000000ddead00000],  sp=0x000000ddeacfe480,  free space=1017k
Native frames: (J=compiled Java code, j=interpreted, Vv=VM code, C=native code)
C  [rxtxSerial.dll+0x5b00]
C  [rxtxSerial.dll+0x6211]
C  0x000002ce26269f4e

Java frames: (J=compiled Java code, j=interpreted, Vv=VM code)
j  gnu.io.RXTXPort.readArray([BII)I+0
j  gnu.io.RXTXPort$SerialInputStream.read([BII)I+212
j  sun.nio.cs.StreamDecoder.readBytes()I+135
j  sun.nio.cs.StreamDecoder.implRead([CII)I+112
j  sun.nio.cs.StreamDecoder.read([CII)I+180
j  java.io.InputStreamReader.read([CII)I+7
j  java.io.BufferedReader.fill()V+145
J 58 C1 java.io.BufferedReader.readLine(Z)Ljava/lang/String; (304 bytes) @ 0x000002ce26374b74 [0x000002ce263748a0+0x2d4]
j  java.io.BufferedReader.readLine()Ljava/lang/String;+2
j  Server.SerialTest.serialEvent(Lgnu/io/SerialPortEvent;)V+12
j  gnu.io.RXTXPort.sendEvent(IZ)Z+382
v  ~StubRoutines::call_stub
j  gnu.io.RXTXPort.eventLoop()V+0
j  gnu.io.RXTXPort$MonitorThread.run()V+12
v  ~StubRoutines::call_stub

---------------  P R O C E S S  ---------------

Java Threads: ( => current thread )
  0x000002ce248ab800 JavaThread "DestroyJavaVM" [_thread_blocked, id=14212, stack(0x000000dde9800000,0x000000dde9900000)]
  0x000002ce3cdda800 JavaThread "Thread-1" [_thread_blocked, id=312, stack(0x000000ddead00000,0x000000ddeae00000)]
=>0x000002ce3cdc1000 JavaThread "Thread-0" [_thread_in_native, id=14048, stack(0x000000ddeac00000,0x000000ddead00000)]
  0x000002ce3aa6d800 JavaThread "Service Thread" daemon [_thread_blocked, id=15144, stack(0x000000ddeaa00000,0x000000ddeab00000)]
  0x000002ce3aa28800 JavaThread "C1 CompilerThread3" daemon [_thread_blocked, id=9708, stack(0x000000ddea900000,0x000000ddeaa00000)]
  0x000002ce3aa24000 JavaThread "C2 CompilerThread2" daemon [_thread_blocked, id=10792, stack(0x000000ddea800000,0x000000ddea900000)]
  0x000002ce3a9f4800 JavaThread "C2 CompilerThread1" daemon [_thread_blocked, id=13268, stack(0x000000ddea700000,0x000000ddea800000)]
  0x000002ce3a9e8800 JavaThread "C2 CompilerThread0" daemon [_thread_blocked, id=12048, stack(0x000000ddea600000,0x000000ddea700000)]
  0x000002ce3a9e2800 JavaThread "Attach Listener" daemon [_thread_blocked, id=5140, stack(0x000000ddea500000,0x000000ddea600000)]
  0x000002ce3a9e1800 JavaThread "Signal Dispatcher" daemon [_thread_blocked, id=2612, stack(0x000000ddea400000,0x000000ddea500000)]
  0x000002ce3a9c7000 JavaThread "Finalizer" daemon [_thread_blocked, id=2780, stack(0x000000ddea300000,0x000000ddea400000)]
  0x000002ce3a99e000 JavaThread "Reference Handler" daemon [_thread_blocked, id=10504, stack(0x000000ddea200000,0x000000ddea300000)]

Other Threads:
  0x000002ce3a996800 VMThread [stack: 0x000000ddea100000,0x000000ddea200000] [id=12468]
  0x000002ce3c885800 WatcherThread [stack: 0x000000ddeab00000,0x000000ddeac00000] [id=9700]

VM state:not at safepoint (normal execution)

VM Mutex/Monitor currently owned by a thread: None

heap address: 0x0000000082a00000, size: 2006 MB, Compressed Oops mode: 32-bit
Narrow klass base: 0x0000000000000000, Narrow klass shift: 3
Compressed class space size: 1073741824 Address: 0x0000000100000000

Heap:
 PSYoungGen      total 37888K, used 5243K [0x00000000d6380000, 0x00000000d8d80000, 0x0000000100000000)
  eden space 32768K, 16% used [0x00000000d6380000,0x00000000d689eda0,0x00000000d8380000)
  from space 5120K, 0% used [0x00000000d8880000,0x00000000d8880000,0x00000000d8d80000)
  to   space 5120K, 0% used [0x00000000d8380000,0x00000000d8380000,0x00000000d8880000)
 ParOldGen       total 86016K, used 0K [0x0000000082a00000, 0x0000000087e00000, 0x00000000d6380000)
  object space 86016K, 0% used [0x0000000082a00000,0x0000000082a00000,0x0000000087e00000)
 Metaspace       used 2959K, capacity 4664K, committed 4864K, reserved 1056768K
  class space    used 324K, capacity 424K, committed 512K, reserved 1048576K

Card table byte_map: [0x000002ce35610000,0x000002ce35a00000] byte_map_base: 0x000002ce351fb000

Marking Bits: (ParMarkBitMap*) 0x0000000067027fe0
 Begin Bits: [0x000002ce35ca0000, 0x000002ce37bf8000)
 End Bits:   [0x000002ce37bf8000, 0x000002ce39b50000)

Polling page: 0x000002ce26220000

CodeCache: size=245760Kb used=1419Kb max_used=1419Kb free=244341Kb
 bounds [0x000002ce26250000, 0x000002ce264c0000, 0x000002ce35250000]
 total_blobs=399 nmethods=163 adapters=149
 compilation: enabled

Compilation events (10 events):
Event: 0.124 Thread 0x000002ce3aa28800  157       3       sun.misc.MetaIndex::mayContain (51 bytes)
Event: 0.124 Thread 0x000002ce3aa28800 nmethod 157 0x000002ce263acfd0 code [0x000002ce263ad180, 0x000002ce263ad800]
Event: 0.126 Thread 0x000002ce3aa28800  158       3       java.util.concurrent.ConcurrentHashMap::tabAt (21 bytes)
Event: 0.126 Thread 0x000002ce3aa28800 nmethod 158 0x000002ce263af490 code [0x000002ce263af5e0, 0x000002ce263af818]
Event: 0.126 Thread 0x000002ce3aa28800  160       3       java.util.concurrent.ConcurrentHashMap::setTabAt (19 bytes)
Event: 0.126 Thread 0x000002ce3aa28800 nmethod 160 0x000002ce263af150 code [0x000002ce263af2a0, 0x000002ce263af418]
Event: 0.127 Thread 0x000002ce3aa28800  162   !   3       sun.misc.URLClassPath$JarLoader::getResource (353 bytes)
Event: 0.128 Thread 0x000002ce3aa28800 nmethod 162 0x000002ce263afc90 code [0x000002ce263b0100, 0x000002ce263b2210]
Event: 0.128 Thread 0x000002ce3aa28800  163       1       sun.misc.URLClassPath$JarLoader::access$700 (5 bytes)
Event: 0.128 Thread 0x000002ce3aa28800 nmethod 163 0x000002ce263aee90 code [0x000002ce263aefe0, 0x000002ce263af0d8]

GC Heap History (0 events):
No events

Deoptimization events (0 events):
No events

Classes redefined (0 events):
No events

Internal exceptions (10 events):
Event: 0.090 Thread 0x000002ce248ab800 Exception <a 'java/security/PrivilegedActionException'> (0x00000000d655da30) thrown at [C:\jenkins\workspace\8-2-build-windows-amd64-cygwin\jdk8u291\1294\hotspot\src\share\vm\prims\jvm.cpp, line 1523]
Event: 0.090 Thread 0x000002ce248ab800 Exception <a 'java/security/PrivilegedActionException'> (0x00000000d655dc40) thrown at [C:\jenkins\workspace\8-2-build-windows-amd64-cygwin\jdk8u291\1294\hotspot\src\share\vm\prims\jvm.cpp, line 1523]
Event: 0.090 Thread 0x000002ce248ab800 Exception <a 'java/security/PrivilegedActionException'> (0x00000000d655f128) thrown at [C:\jenkins\workspace\8-2-build-windows-amd64-cygwin\jdk8u291\1294\hotspot\src\share\vm\prims\jvm.cpp, line 1523]
Event: 0.090 Thread 0x000002ce248ab800 Exception <a 'java/security/PrivilegedActionException'> (0x00000000d655f338) thrown at [C:\jenkins\workspace\8-2-build-windows-amd64-cygwin\jdk8u291\1294\hotspot\src\share\vm\prims\jvm.cpp, line 1523]
Event: 0.090 Thread 0x000002ce248ab800 Exception <a 'java/security/PrivilegedActionException'> (0x00000000d65607c0) thrown at [C:\jenkins\workspace\8-2-build-windows-amd64-cygwin\jdk8u291\1294\hotspot\src\share\vm\prims\jvm.cpp, line 1523]
Event: 0.090 Thread 0x000002ce248ab800 Exception <a 'java/security/PrivilegedActionException'> (0x00000000d65609d0) thrown at [C:\jenkins\workspace\8-2-build-windows-amd64-cygwin\jdk8u291\1294\hotspot\src\share\vm\prims\jvm.cpp, line 1523]
Event: 0.113 Thread 0x000002ce248ab800 Exception <a 'java/io/FileNotFoundException'> (0x00000000d6642cd0) thrown at [C:\jenkins\workspace\8-2-build-windows-amd64-cygwin\jdk8u291\1294\hotspot\src\share\vm\prims\jni.cpp, line 710]
Event: 0.115 Thread 0x000002ce248ab800 Exception <a 'java/io/FileNotFoundException'> (0x00000000d66594e8) thrown at [C:\jenkins\workspace\8-2-build-windows-amd64-cygwin\jdk8u291\1294\hotspot\src\share\vm\prims\jni.cpp, line 710]
Event: 0.116 Thread 0x000002ce248ab800 Exception <a 'java/io/FileNotFoundException'> (0x00000000d666c920) thrown at [C:\jenkins\workspace\8-2-build-windows-amd64-cygwin\jdk8u291\1294\hotspot\src\share\vm\prims\jni.cpp, line 710]
Event: 0.118 Thread 0x000002ce248ab800 Exception <a 'java/io/FileNotFoundException'> (0x00000000d6682ac8) thrown at [C:\jenkins\workspace\8-2-build-windows-amd64-cygwin\jdk8u291\1294\hotspot\src\share\vm\prims\jni.cpp, line 710]

Events (10 events):
Event: 0.124 loading class java/lang/NumberFormatException
Event: 0.124 loading class java/lang/NumberFormatException done
Event: 0.126 loading class java/lang/IndexOutOfBoundsException
Event: 0.126 loading class java/lang/IndexOutOfBoundsException done
Event: 0.127 loading class gnu/io/RXTXPort$MonitorThread
Event: 0.127 loading class gnu/io/RXTXPort$MonitorThread done
Event: 0.127 Thread 0x000002ce3cdc1000 Thread added: 0x000002ce3cdc1000
Event: 0.133 Thread 0x000002ce3cdda800 Thread added: 0x000002ce3cdda800
Event: 0.134 Thread 0x000002ce248ab800 Thread exited: 0x000002ce248ab800
Event: 0.134 Thread 0x000002ce248ab800 Thread added: 0x000002ce248ab800


Dynamic libraries:
0x00007ff71f0d0000 - 0x00007ff71f117000 	C:\Program Files\Java\jre1.8.0_291\bin\javaw.exe
0x00007ff9c12d0000 - 0x00007ff9c14c5000 	C:\WINDOWS\SYSTEM32\ntdll.dll
0x00007ff98c5c0000 - 0x00007ff98c5d6000 	C:\Program Files\Avast Software\Avast\aswhook.dll
0x00007ff9c0b50000 - 0x00007ff9c0c0e000 	C:\WINDOWS\System32\KERNEL32.DLL
0x00007ff9be9f0000 - 0x00007ff9becb8000 	C:\WINDOWS\System32\KERNELBASE.dll
0x00007ff9c0540000 - 0x00007ff9c05ee000 	C:\WINDOWS\System32\ADVAPI32.dll
0x00007ff9bf390000 - 0x00007ff9bf42e000 	C:\WINDOWS\System32\msvcrt.dll
0x00007ff9c0db0000 - 0x00007ff9c0e4c000 	C:\WINDOWS\System32\sechost.dll
0x00007ff9bf430000 - 0x00007ff9bf555000 	C:\WINDOWS\System32\RPCRT4.dll
0x00007ff9c0760000 - 0x00007ff9c0900000 	C:\WINDOWS\System32\USER32.dll
0x00007ff9beea0000 - 0x00007ff9beec2000 	C:\WINDOWS\System32\win32u.dll
0x00007ff9c0910000 - 0x00007ff9c093a000 	C:\WINDOWS\System32\GDI32.dll
0x00007ff9bef70000 - 0x00007ff9bf07b000 	C:\WINDOWS\System32\gdi32full.dll
0x00007ff9beed0000 - 0x00007ff9bef6d000 	C:\WINDOWS\System32\msvcp_win.dll
0x00007ff9bf0f0000 - 0x00007ff9bf1f0000 	C:\WINDOWS\System32\ucrtbase.dll
0x00007ff9a98b0000 - 0x00007ff9a9b4a000 	C:\WINDOWS\WinSxS\amd64_microsoft.windows.common-controls_6595b64144ccf1df_6.0.19041.1110_none_60b5254171f9507e\COMCTL32.dll
0x00007ff9bf8f0000 - 0x00007ff9bf920000 	C:\WINDOWS\System32\IMM32.DLL
0x00007ff9bbea0000 - 0x00007ff9bbeb5000 	C:\Program Files\Java\jre1.8.0_291\bin\vcruntime140.dll
0x00007ff9803e0000 - 0x00007ff98047b000 	C:\Program Files\Java\jre1.8.0_291\bin\msvcp140.dll
0x0000000066840000 - 0x00000000670a0000 	C:\Program Files\Java\jre1.8.0_291\bin\server\jvm.dll
0x00007ff9c0900000 - 0x00007ff9c0908000 	C:\WINDOWS\System32\PSAPI.DLL
0x00007ff9a9650000 - 0x00007ff9a9677000 	C:\WINDOWS\SYSTEM32\WINMM.dll
0x00007ff9b6fe0000 - 0x00007ff9b6fea000 	C:\WINDOWS\SYSTEM32\VERSION.dll
0x00007ff9a98a0000 - 0x00007ff9a98a9000 	C:\WINDOWS\SYSTEM32\WSOCK32.dll
0x00007ff9c0c10000 - 0x00007ff9c0c7b000 	C:\WINDOWS\System32\WS2_32.dll
0x00007ff9bd2a0000 - 0x00007ff9bd2b2000 	C:\WINDOWS\SYSTEM32\kernel.appcore.dll
0x00007ff9aefe0000 - 0x00007ff9aeff0000 	C:\Program Files\Java\jre1.8.0_291\bin\verify.dll
0x00007ff9a0f70000 - 0x00007ff9a0f9b000 	C:\Program Files\Java\jre1.8.0_291\bin\java.dll
0x00007ff9a0f50000 - 0x00007ff9a0f68000 	C:\Program Files\Java\jre1.8.0_291\bin\zip.dll
0x00007ff9bfdf0000 - 0x00007ff9c0534000 	C:\WINDOWS\System32\SHELL32.dll
0x00007ff9bca00000 - 0x00007ff9bd194000 	C:\WINDOWS\SYSTEM32\windows.storage.dll
0x00007ff9c0e60000 - 0x00007ff9c11b4000 	C:\WINDOWS\System32\combase.dll
0x00007ff9be460000 - 0x00007ff9be48c000 	C:\WINDOWS\SYSTEM32\Wldp.dll
0x00007ff9bf720000 - 0x00007ff9bf7cd000 	C:\WINDOWS\System32\SHCORE.dll
0x00007ff9c0af0000 - 0x00007ff9c0b45000 	C:\WINDOWS\System32\shlwapi.dll
0x00007ff9be930000 - 0x00007ff9be94f000 	C:\WINDOWS\SYSTEM32\profapi.dll
0x0000000180000000 - 0x0000000180025000 	C:\Users\user\Desktop\IIS\Server\rxtxSerial.dll
0x00007ff9bc810000 - 0x00007ff9bc9f4000 	C:\WINDOWS\SYSTEM32\dbghelp.dll
0x00007ff9bf1f0000 - 0x00007ff9bf272000 	C:\WINDOWS\System32\bcryptPrimitives.dll

VM Arguments:
jvm_args: -Dfile.encoding=Cp1252 
java_command: Server.SerialTest
java_class_path (initial): C:\Users\user\Desktop\IIS\Server\bin\main;C:\Users\user\.gradle\caches\modules-2\files-2.1\org.apache.commons\commons-math3\3.6.1\e4ba98f1d4b3c80ec46392f25e094a6a2e58fcbf\commons-math3-3.6.1.jar;C:\Users\user\.gradle\caches\modules-2\files-2.1\com.google.guava\guava\28.2-jre\8ec9ed76528425762174f0011ce8f74ad845b756\guava-28.2-jre.jar;C:\Users\user\.gradle\caches\modules-2\files-2.1\com.google.guava\failureaccess\1.0.1\1dcf1de382a0bf95a3d8b0849546c88bac1292c9\failureaccess-1.0.1.jar;C:\Users\user\.gradle\caches\modules-2\files-2.1\com.google.code.findbugs\jsr305\3.0.2\25ea2e8b0c338a877313bd4672d3fe056ea78f0d\jsr305-3.0.2.jar;C:\Users\user\.gradle\caches\modules-2\files-2.1\org.checkerframework\checker-qual\2.10.0\5786699a0cb71f9dc32e6cca1d665eef07a0882f\checker-qual-2.10.0.jar;C:\Users\user\.gradle\caches\modules-2\files-2.1\com.google.errorprone\error_prone_annotations\2.3.4\dac170e4594de319655ffb62f41cbd6dbb5e601e\error_prone_annotations-2.3.4.jar;C:\Users\user\.gradle\caches\modules-2\files-2.1\com.google.j2objc\j2objc-annotations\1.3\ba035118bc8bac37d7eff77700720999acd9986d\j2objc-annotations-1.3.jar;C:\Users\user\Desktop\IIS\Server\libs\firebase\api-common-1.7.0.jar;C:\Users\user\Desktop\IIS\Server\libs\firebase\auto-value-1.4.jar;C:\Users\user\Desktop\IIS\Server\libs\firebase\commons-codec-1.10.jar;C:\Users\user\Desktop\IIS\Server\libs\firebase\commons-logging-1.2.jar;C:\Users\user\Desktop\IIS\Server\libs\firebase\error_prone_annotations-2.1.2.jar;C:\Users\user\Desktop\IIS\Server\libs\firebase\firebase-admin-6.5.0.jar;C:\Users\user\Desktop\IIS\Server\libs\firebase\gax-1.30.0.jar;C:\Users\user\Desktop\IIS\Server\libs\firebase\gax-grpc-1.30.0.jar;C:\Users\user\Desktop\IIS\Server\libs\firebase\gax-httpjson-0.47.0.jar;C:\Users\user\Desktop\IIS\Server\libs\firebase\google-api-client-1.25.0.jar;C:\Users\user\Desktop\IIS\Server\libs\firebase\google-api-client-gson-1.25.0.jar;C:\Users\user\Desktop\IIS\Server\libs\firebase\google-api-service
Launcher Type: SUN_STANDARD

Environment Variables:
JAVA_HOME=C:\Program Files\Java\jdk1.8.0_291
PATH=C:/Program Files/Java/jdk-14.0.2/bin/server;C:/Program Files/Java/jdk-14.0.2/bin;C:\app\user\product\18.0.0\dbhomeXE\bin;C:\Program Files (x86)\Common Files\Oracle\Java\javapath;C:\Program Files\Common Files\Oracle\Java\javapath;C:\WINDOWS\system32;C:\WINDOWS;C:\WINDOWS\System32\Wbem;C:\WINDOWS\System32\WindowsPowerShell\v1.0\;C:\WINDOWS\System32\OpenSSH\;C:\xampp\php;C:\ProgramData\ComposerSetup\bin;C:\Spark\spark-3.1.2-bin-hadoop3.2\bin;C:\Hadoop\bin;C:\Users\user\AppData\Local\Programs\Python\Python38;C:\Program Files\dotnet\;C:\Program Files\Java\jdk-16.0.1\bin;C:\Users\user\AppData\Local\Microsoft\WindowsApps;C:\Users\user\AppData\Local\GitHubDesktop\bin;C:\Users\user\.dotnet\tools;C:\WINDOWS\system32;
USERNAME=user
OS=Windows_NT
PROCESSOR_IDENTIFIER=Intel64 Family 6 Model 165 Stepping 2, GenuineIntel



---------------  S Y S T E M  ---------------

OS: Windows 10.0 , 64 bit Build 19041 (10.0.19041.1645)

CPU:total 8 (initial active 8) (4 cores per cpu, 2 threads per core) family 6 model 165 stepping 2, cmov, cx8, fxsr, mmx, sse, sse2, sse3, ssse3, sse4.1, sse4.2, popcnt, avx, avx2, aes, clmul, erms, 3dnowpref, lzcnt, ht, tsc, tscinvbit, bmi1, bmi2, adx

Memory: 4k page, physical 8215604k(2059284k free), swap 14507060k(4474032k free)

vm_info: Java HotSpot(TM) 64-Bit Server VM (25.291-b10) for windows-amd64 JRE (1.8.0_291-b10), built on Apr  9 2021 00:02:00 by "java_re" with MS VC++ 15.9 (VS2017)

time: Wed Jun  1 16:40:03 2022
timezone: GTB Daylight Time
elapsed time: 2.110142 seconds (0d 0h 0m 2s)

