#
# A fatal error has been detected by the Java Runtime Environment:
#
#  EXCEPTION_ACCESS_VIOLATION (0xc0000005) at pc=0x0000000180005b00, pid=15168, tid=2916
#
# JRE version: Java(TM) SE Runtime Environment (14.0.2+12) (build 14.0.2+12-46)
# Java VM: Java HotSpot(TM) 64-Bit Server VM (14.0.2+12-46, mixed mode, sharing, tiered, compressed oops, g1 gc, windows-amd64)
# Problematic frame:
# C  [rxtxSerial.dll+0x5b00]
#
# No core dump will be written. Minidumps are not enabled by default on client versions of Windows
#
# If you would like to submit a bug report, please visit:
#   https://bugreport.java.com/bugreport/crash.jsp
# The crash happened outside the Java Virtual Machine in native code.
# See problematic frame for where to report the bug.
#

---------------  S U M M A R Y ------------

Command Line: -Dfile.encoding=Cp1252 Server.Serial

Host: Intel(R) Core(TM) i5-10300H CPU @ 2.50GHz, 8 cores, 7G,  Windows 10 , 64 bit Build 19041 (10.0.19041.1566)
Time: Wed Jun  1 16:07:04 2022 GTB Daylight Time elapsed time: 2 seconds (0d 0h 0m 2s)

---------------  T H R E A D  ---------------

Current thread (0x00000222494b1000):  JavaThread "Thread-0" [_thread_in_native, id=2916, stack(0x0000006eafe00000,0x0000006eaff00000)]

Stack: [0x0000006eafe00000,0x0000006eaff00000],  sp=0x0000006eafefe270,  free space=1016k
Native frames: (J=compiled Java code, j=interpreted, Vv=VM code, C=native code)
C  [rxtxSerial.dll+0x5b00]

Java frames: (J=compiled Java code, j=interpreted, Vv=VM code)
j  gnu.io.RXTXPort.readArray([BII)I+0
j  gnu.io.RXTXPort$SerialInputStream.read([BII)I+212
j  sun.nio.cs.StreamDecoder.readBytes()I+135 java.base@14.0.2
j  sun.nio.cs.StreamDecoder.implRead([CII)I+112 java.base@14.0.2
j  sun.nio.cs.StreamDecoder.read([CII)I+180 java.base@14.0.2
j  java.io.InputStreamReader.read([CII)I+7 java.base@14.0.2
j  java.io.BufferedReader.fill()V+145 java.base@14.0.2
J 200 c1 java.io.BufferedReader.readLine(Z)Ljava/lang/String; java.base@14.0.2 (304 bytes) @ 0x00000222327ee974 [0x00000222327ee660+0x0000000000000314]
j  java.io.BufferedReader.readLine()Ljava/lang/String;+2 java.base@14.0.2
j  Server.Serial.serialEvent(Lgnu/io/SerialPortEvent;)V+12
j  gnu.io.RXTXPort.sendEvent(IZ)Z+382
v  ~StubRoutines::call_stub
j  gnu.io.RXTXPort.eventLoop()V+0
j  gnu.io.RXTXPort$MonitorThread.run()V+12
v  ~StubRoutines::call_stub

siginfo: EXCEPTION_ACCESS_VIOLATION (0xc0000005), reading address 0xffffffffafeff138


Register to memory mapping:

RIP=0x0000000180005b00 rxtxSerial.dll
RAX=0x0000000000000001 is an unknown value
RBX=0x0 is NULL
RCX=0x000000018001d4d5 rxtxSerial.dll
RDX=0xfffffffffffff665 is an unknown value
RSP=0x0000006eafefe270 is pointing into the stack for thread: 0x00000222494b1000
RBP=
[error occurred during error reporting (printing register info), id 0xc0000005, EXCEPTION_ACCESS_VIOLATION (0xc0000005) at pc=0x00007ff805661c94]

Registers:
RAX=0x0000000000000001, RBX=0x0000000000000000, RCX=0x000000018001d4d5, RDX=0xfffffffffffff665
RSP=0x0000006eafefe270, RBP=0x00000000ffffffff, RSI=0x0000000000000000, RDI=0x00000222494b1310
R8 =0x0000000000000002, R9 =0xfffffffffffff63c, R10=0x00007ff805e1a850, R11=0x8101010101010100
R12=0xffffffffafeff130, R13=0x0000000000000010, R14=0x0000006eafefe460, R15=0x0000000000000000
RIP=0x0000000180005b00, EFLAGS=0x0000000000010202

Top of Stack: (sp=0x0000006eafefe270)
0x0000006eafefe270:   0000000000000000 ffffffffafeff130
0x0000006eafefe280:   0000000000000000 00000000000003d8
0x0000006eafefe290:   0000000000000000 0000006eafefe460
0x0000006eafefe2a0:   0000022248e782a0 0000000000000001
0x0000006eafefe2b0:   00000222494b1310 0000000000000010
0x0000006eafefe2c0:   ffffffffffffffff 0000000180006211
0x0000006eafefe2d0:   000002224969e920 ffffffffffffffff
0x0000006eafefe2e0:   0000000000000001 000002224969e920
0x0000006eafefe2f0:   0000022200000010 00007ff8ffffffff
0x0000006eafefe300:   0000006eafefe468 0000006eafefe468
0x0000006eafefe310:   00000222494b1000 0000006eafefe468
0x0000006eafefe320:   0000006eafefe430 00007ff8056f9ca7
0x0000006eafefe330:   0000006eafefe350 00000222494b1000
0x0000006eafefe340:   000000000014ab34 00006611857c1699
0x0000006eafefe350:   0000022248e782a8 0000022248e782a0
0x0000006eafefe360:   00000222494b1000 0000006eafefe468 

Instructions: (pc=0x0000000180005b00)
0x0000000180005a00:   5d c3 cc cc cc cc cc cc cc cc cc cc cc cc cc cc
0x0000000180005a10:   48 89 5c 24 08 4c 89 4c 24 20 44 89 44 24 18 55
0x0000000180005a20:   56 57 41 54 41 55 41 56 41 57 48 83 ec 20 48 8b
0x0000000180005a30:   2a 48 8b 01 33 db 48 8b d5 48 8b f9 44 8b fb 8b
0x0000000180005a40:   f3 ff 90 f8 00 00 00 4c 8d 0d 9e 70 01 00 4c 8b
0x0000000180005a50:   e0 48 8b 07 4c 8d 05 b5 70 01 00 49 8b d4 48 8b
0x0000000180005a60:   cf ff 90 f0 02 00 00 48 8b cf 4c 8b c0 48 85 c0
0x0000000180005a70:   48 8b 07 75 28 ff 90 80 00 00 00 4c 8b 1f 48 8b
0x0000000180005a80:   cf 41 ff 93 88 00 00 00 4c 8b 1f 49 8b d4 48 8b
0x0000000180005a90:   cf 41 ff 93 b8 00 00 00 4c 8b e3 eb 54 48 8b d5
0x0000000180005aa0:   ff 90 20 03 00 00 49 8b d4 48 8b cf 48 63 e8 48
0x0000000180005ab0:   8b 07 ff 90 b8 00 00 00 48 8d 15 51 70 01 00 48
0x0000000180005ac0:   8d 0d 0e 7a 01 00 41 b8 02 00 00 00 e8 6f 62 00
0x0000000180005ad0:   00 85 c0 75 19 85 ed 75 15 e8 c2 5e 00 00 48 8d
0x0000000180005ae0:   15 23 7a 01 00 48 8d 48 60 e8 3a 5d 00 00 4c 8b
0x0000000180005af0:   e5 8b ac 24 88 00 00 00 44 8b ac 24 80 00 00 00
0x0000000180005b00:   45 8b 74 24 08 41 89 5c 24 08 41 8b fd 85 ed 78
0x0000000180005b10:   09 ff 15 e9 14 01 00 44 8b f8 45 85 ed 7e 4a 90
0x0000000180005b20:   8b c6 ff c6 83 f8 14 7d 40 85 ed 78 0d ff 15 cd
0x0000000180005b30:   14 01 00 41 2b c7 3b c5 7d 2f 8b 4c 24 70 48 63
0x0000000180005b40:   d3 44 8b c7 48 03 54 24 78 e8 a2 31 00 00 85 c0
0x0000000180005b50:   78 33 74 06 03 d8 2b f8 eb 0a b9 e8 03 00 00 e8
0x0000000180005b60:   1c 1c 00 00 41 3b dd 7c b7 8b c3 45 89 74 24 08
0x0000000180005b70:   48 8b 5c 24 60 48 83 c4 20 41 5f 41 5e 41 5d 41
0x0000000180005b80:   5c 5f 5e 5d c3 e8 1e 61 00 00 83 38 04 74 05 e8
0x0000000180005b90:   14 61 00 00 83 c8 ff eb d2 cc cc cc cc cc cc cc
0x0000000180005ba0:   40 53 55 56 57 41 54 41 55 48 81 ec b8 00 00 00
0x0000000180005bb0:   48 8b 05 71 85 01 00 48 33 c4 48 89 84 24 a0 00
0x0000000180005bc0:   00 00 48 8b 01 45 8b e9 41 8b f8 48 8b f2 48 8b
0x0000000180005bd0:   d9 ff 90 f8 00 00 00 4c 8b 13 4c 8d 0d 33 6f 01
0x0000000180005be0:   00 4c 8d 05 7c 6f 01 00 48 8b d0 48 8b cb 4c 8b
0x0000000180005bf0:   e0 41 ff 92 f0 02 00 00 33 ed 48 8b cb 4c 8b c0 


Stack slot to memory mapping:
stack at sp + 0 slots: 0x0 is NULL
stack at sp + 1 slots: 0xffffffffafeff130 is an unknown value
stack at sp + 2 slots: 0x0 is NULL
stack at sp + 3 slots: 0x00000000000003d8 is an unknown value
stack at sp + 4 slots: 0x0 is NULL
stack at sp + 5 slots: 0x0000006eafefe460 is pointing into the stack for thread: 0x00000222494b1000
stack at sp + 6 slots: 0x0000022248e782a0 is pointing into metadata
stack at sp + 7 slots: 0x0000000000000001 is an unknown value


---------------  P R O C E S S  ---------------

Threads class SMR info:
_java_thread_list=0x000002224968b3e0, length=13, elements={
0x0000022248a13000, 0x0000022248a14000, 0x0000022248a31000, 0x0000022248a33000,
0x0000022248a34000, 0x0000022248a37000, 0x0000022248a38000, 0x0000022248a5b800,
0x00000222494af800, 0x00000222494b0000, 0x00000222494b1000, 0x00000222494ae800,
0x00000222494b2000
}

Java Threads: ( => current thread )
  0x0000022248a13000 JavaThread "Reference Handler" daemon [_thread_blocked, id=9676, stack(0x0000006eaf300000,0x0000006eaf400000)]
  0x0000022248a14000 JavaThread "Finalizer" daemon [_thread_blocked, id=19216, stack(0x0000006eaf400000,0x0000006eaf500000)]
  0x0000022248a31000 JavaThread "Signal Dispatcher" daemon [_thread_blocked, id=10360, stack(0x0000006eaf500000,0x0000006eaf600000)]
  0x0000022248a33000 JavaThread "Attach Listener" daemon [_thread_blocked, id=8848, stack(0x0000006eaf600000,0x0000006eaf700000)]
  0x0000022248a34000 JavaThread "Service Thread" daemon [_thread_blocked, id=17112, stack(0x0000006eaf700000,0x0000006eaf800000)]
  0x0000022248a37000 JavaThread "C2 CompilerThread0" daemon [_thread_blocked, id=8868, stack(0x0000006eaf800000,0x0000006eaf900000)]
  0x0000022248a38000 JavaThread "C1 CompilerThread0" daemon [_thread_blocked, id=10144, stack(0x0000006eaf900000,0x0000006eafa00000)]
  0x0000022248a5b800 JavaThread "Sweeper thread" daemon [_thread_blocked, id=20348, stack(0x0000006eafa00000,0x0000006eafb00000)]
  0x00000222494af800 JavaThread "Notification Thread" daemon [_thread_blocked, id=14792, stack(0x0000006eafb00000,0x0000006eafc00000)]
  0x00000222494b0000 JavaThread "Common-Cleaner" daemon [_thread_blocked, id=21496, stack(0x0000006eafd00000,0x0000006eafe00000)]
=>0x00000222494b1000 JavaThread "Thread-0" [_thread_in_native, id=2916, stack(0x0000006eafe00000,0x0000006eaff00000)]
  0x00000222494ae800 JavaThread "Thread-1" [_thread_blocked, id=8660, stack(0x0000006eaff00000,0x0000006eb0000000)]
  0x00000222494b2000 JavaThread "DestroyJavaVM" [_thread_blocked, id=20868, stack(0x0000006eaec00000,0x0000006eaed00000)]

Other Threads:
  0x0000022248a12000 VMThread "VM Thread" [stack: 0x0000006eaf200000,0x0000006eaf300000] [id=6316]
  0x00000222494b6800 WatcherThread [stack: 0x0000006eafc00000,0x0000006eafd00000] [id=14676]
  0x0000022229aac000 GCTaskThread "GC Thread#0" [stack: 0x0000006eaed00000,0x0000006eaee00000] [id=15076]
  0x0000022229abd800 ConcurrentGCThread "G1 Main Marker" [stack: 0x0000006eaee00000,0x0000006eaef00000] [id=4008]
  0x0000022229abf000 ConcurrentGCThread "G1 Conc#0" [stack: 0x0000006eaef00000,0x0000006eaf000000] [id=8568]
  0x0000022248885800 ConcurrentGCThread "G1 Refine#0" [stack: 0x0000006eaf000000,0x0000006eaf100000] [id=19712]
  0x0000022229b3e000 ConcurrentGCThread "G1 Young RemSet Sampling" [stack: 0x0000006eaf100000,0x0000006eaf200000] [id=20172]

Threads with active compile tasks:

VM state:not at safepoint (normal execution)

VM Mutex/Monitor currently owned by a thread: None

Heap address: 0x0000000082a00000, size: 2006 MB, Compressed Oops mode: 32-bit
Narrow klass base: 0x0000000800000000, Narrow klass shift: 3
Compressed class space size: 1073741824 Address: 0x0000000800b30000

Heap:
 garbage-first heap   total 129024K, used 5120K [0x0000000082a00000, 0x0000000100000000)
  region size 1024K, 6 young (6144K), 0 survivors (0K)
 Metaspace       used 598K, capacity 4664K, committed 4864K, reserved 1056768K
  class space    used 36K, capacity 424K, committed 512K, reserved 1048576K
Heap Regions: E=young(eden), S=young(survivor), O=old, HS=humongous(starts), HC=humongous(continues), CS=collection set, F=free, OA=open archive, CA=closed archive, TAMS=top-at-mark-start (previous, next)
|   0|0x0000000082a00000, 0x0000000082a00000, 0x0000000082b00000|  0%| F|  |TAMS 0x0000000082a00000, 0x0000000082a00000| Untracked 
|   1|0x0000000082b00000, 0x0000000082b00000, 0x0000000082c00000|  0%| F|  |TAMS 0x0000000082b00000, 0x0000000082b00000| Untracked 
|   2|0x0000000082c00000, 0x0000000082c00000, 0x0000000082d00000|  0%| F|  |TAMS 0x0000000082c00000, 0x0000000082c00000| Untracked 
|   3|0x0000000082d00000, 0x0000000082d00000, 0x0000000082e00000|  0%| F|  |TAMS 0x0000000082d00000, 0x0000000082d00000| Untracked 
|   4|0x0000000082e00000, 0x0000000082e00000, 0x0000000082f00000|  0%| F|  |TAMS 0x0000000082e00000, 0x0000000082e00000| Untracked 
|   5|0x0000000082f00000, 0x0000000082f00000, 0x0000000083000000|  0%| F|  |TAMS 0x0000000082f00000, 0x0000000082f00000| Untracked 
|   6|0x0000000083000000, 0x0000000083000000, 0x0000000083100000|  0%| F|  |TAMS 0x0000000083000000, 0x0000000083000000| Untracked 
|   7|0x0000000083100000, 0x0000000083100000, 0x0000000083200000|  0%| F|  |TAMS 0x0000000083100000, 0x0000000083100000| Untracked 
|   8|0x0000000083200000, 0x0000000083200000, 0x0000000083300000|  0%| F|  |TAMS 0x0000000083200000, 0x0000000083200000| Untracked 
|   9|0x0000000083300000, 0x0000000083300000, 0x0000000083400000|  0%| F|  |TAMS 0x0000000083300000, 0x0000000083300000| Untracked 
|  10|0x0000000083400000, 0x0000000083400000, 0x0000000083500000|  0%| F|  |TAMS 0x0000000083400000, 0x0000000083400000| Untracked 
|  11|0x0000000083500000, 0x0000000083500000, 0x0000000083600000|  0%| F|  |TAMS 0x0000000083500000, 0x0000000083500000| Untracked 
|  12|0x0000000083600000, 0x0000000083600000, 0x0000000083700000|  0%| F|  |TAMS 0x0000000083600000, 0x0000000083600000| Untracked 
|  13|0x0000000083700000, 0x0000000083700000, 0x0000000083800000|  0%| F|  |TAMS 0x0000000083700000, 0x0000000083700000| Untracked 
|  14|0x0000000083800000, 0x0000000083800000, 0x0000000083900000|  0%| F|  |TAMS 0x0000000083800000, 0x0000000083800000| Untracked 
|  15|0x0000000083900000, 0x0000000083900000, 0x0000000083a00000|  0%| F|  |TAMS 0x0000000083900000, 0x0000000083900000| Untracked 
|  16|0x0000000083a00000, 0x0000000083a00000, 0x0000000083b00000|  0%| F|  |TAMS 0x0000000083a00000, 0x0000000083a00000| Untracked 
|  17|0x0000000083b00000, 0x0000000083b00000, 0x0000000083c00000|  0%| F|  |TAMS 0x0000000083b00000, 0x0000000083b00000| Untracked 
|  18|0x0000000083c00000, 0x0000000083c00000, 0x0000000083d00000|  0%| F|  |TAMS 0x0000000083c00000, 0x0000000083c00000| Untracked 
|  19|0x0000000083d00000, 0x0000000083d00000, 0x0000000083e00000|  0%| F|  |TAMS 0x0000000083d00000, 0x0000000083d00000| Untracked 
|  20|0x0000000083e00000, 0x0000000083e00000, 0x0000000083f00000|  0%| F|  |TAMS 0x0000000083e00000, 0x0000000083e00000| Untracked 
|  21|0x0000000083f00000, 0x0000000083f00000, 0x0000000084000000|  0%| F|  |TAMS 0x0000000083f00000, 0x0000000083f00000| Untracked 
|  22|0x0000000084000000, 0x0000000084000000, 0x0000000084100000|  0%| F|  |TAMS 0x0000000084000000, 0x0000000084000000| Untracked 
|  23|0x0000000084100000, 0x0000000084100000, 0x0000000084200000|  0%| F|  |TAMS 0x0000000084100000, 0x0000000084100000| Untracked 
|  24|0x0000000084200000, 0x0000000084200000, 0x0000000084300000|  0%| F|  |TAMS 0x0000000084200000, 0x0000000084200000| Untracked 
|  25|0x0000000084300000, 0x0000000084300000, 0x0000000084400000|  0%| F|  |TAMS 0x0000000084300000, 0x0000000084300000| Untracked 
|  26|0x0000000084400000, 0x0000000084400000, 0x0000000084500000|  0%| F|  |TAMS 0x0000000084400000, 0x0000000084400000| Untracked 
|  27|0x0000000084500000, 0x0000000084500000, 0x0000000084600000|  0%| F|  |TAMS 0x0000000084500000, 0x0000000084500000| Untracked 
|  28|0x0000000084600000, 0x0000000084600000, 0x0000000084700000|  0%| F|  |TAMS 0x0000000084600000, 0x0000000084600000| Untracked 
|  29|0x0000000084700000, 0x0000000084700000, 0x0000000084800000|  0%| F|  |TAMS 0x0000000084700000, 0x0000000084700000| Untracked 
|  30|0x0000000084800000, 0x0000000084800000, 0x0000000084900000|  0%| F|  |TAMS 0x0000000084800000, 0x0000000084800000| Untracked 
|  31|0x0000000084900000, 0x0000000084900000, 0x0000000084a00000|  0%| F|  |TAMS 0x0000000084900000, 0x0000000084900000| Untracked 
|  32|0x0000000084a00000, 0x0000000084a00000, 0x0000000084b00000|  0%| F|  |TAMS 0x0000000084a00000, 0x0000000084a00000| Untracked 
|  33|0x0000000084b00000, 0x0000000084b00000, 0x0000000084c00000|  0%| F|  |TAMS 0x0000000084b00000, 0x0000000084b00000| Untracked 
|  34|0x0000000084c00000, 0x0000000084c00000, 0x0000000084d00000|  0%| F|  |TAMS 0x0000000084c00000, 0x0000000084c00000| Untracked 
|  35|0x0000000084d00000, 0x0000000084d00000, 0x0000000084e00000|  0%| F|  |TAMS 0x0000000084d00000, 0x0000000084d00000| Untracked 
|  36|0x0000000084e00000, 0x0000000084e00000, 0x0000000084f00000|  0%| F|  |TAMS 0x0000000084e00000, 0x0000000084e00000| Untracked 
|  37|0x0000000084f00000, 0x0000000084f00000, 0x0000000085000000|  0%| F|  |TAMS 0x0000000084f00000, 0x0000000084f00000| Untracked 
|  38|0x0000000085000000, 0x0000000085000000, 0x0000000085100000|  0%| F|  |TAMS 0x0000000085000000, 0x0000000085000000| Untracked 
|  39|0x0000000085100000, 0x0000000085100000, 0x0000000085200000|  0%| F|  |TAMS 0x0000000085100000, 0x0000000085100000| Untracked 
|  40|0x0000000085200000, 0x0000000085200000, 0x0000000085300000|  0%| F|  |TAMS 0x0000000085200000, 0x0000000085200000| Untracked 
|  41|0x0000000085300000, 0x0000000085300000, 0x0000000085400000|  0%| F|  |TAMS 0x0000000085300000, 0x0000000085300000| Untracked 
|  42|0x0000000085400000, 0x0000000085400000, 0x0000000085500000|  0%| F|  |TAMS 0x0000000085400000, 0x0000000085400000| Untracked 
|  43|0x0000000085500000, 0x0000000085500000, 0x0000000085600000|  0%| F|  |TAMS 0x0000000085500000, 0x0000000085500000| Untracked 
|  44|0x0000000085600000, 0x0000000085600000, 0x0000000085700000|  0%| F|  |TAMS 0x0000000085600000, 0x0000000085600000| Untracked 
|  45|0x0000000085700000, 0x0000000085700000, 0x0000000085800000|  0%| F|  |TAMS 0x0000000085700000, 0x0000000085700000| Untracked 
|  46|0x0000000085800000, 0x0000000085800000, 0x0000000085900000|  0%| F|  |TAMS 0x0000000085800000, 0x0000000085800000| Untracked 
|  47|0x0000000085900000, 0x0000000085900000, 0x0000000085a00000|  0%| F|  |TAMS 0x0000000085900000, 0x0000000085900000| Untracked 
|  48|0x0000000085a00000, 0x0000000085a00000, 0x0000000085b00000|  0%| F|  |TAMS 0x0000000085a00000, 0x0000000085a00000| Untracked 
|  49|0x0000000085b00000, 0x0000000085b00000, 0x0000000085c00000|  0%| F|  |TAMS 0x0000000085b00000, 0x0000000085b00000| Untracked 
|  50|0x0000000085c00000, 0x0000000085c00000, 0x0000000085d00000|  0%| F|  |TAMS 0x0000000085c00000, 0x0000000085c00000| Untracked 
|  51|0x0000000085d00000, 0x0000000085d00000, 0x0000000085e00000|  0%| F|  |TAMS 0x0000000085d00000, 0x0000000085d00000| Untracked 
|  52|0x0000000085e00000, 0x0000000085e00000, 0x0000000085f00000|  0%| F|  |TAMS 0x0000000085e00000, 0x0000000085e00000| Untracked 
|  53|0x0000000085f00000, 0x0000000085f00000, 0x0000000086000000|  0%| F|  |TAMS 0x0000000085f00000, 0x0000000085f00000| Untracked 
|  54|0x0000000086000000, 0x0000000086000000, 0x0000000086100000|  0%| F|  |TAMS 0x0000000086000000, 0x0000000086000000| Untracked 
|  55|0x0000000086100000, 0x0000000086100000, 0x0000000086200000|  0%| F|  |TAMS 0x0000000086100000, 0x0000000086100000| Untracked 
|  56|0x0000000086200000, 0x0000000086200000, 0x0000000086300000|  0%| F|  |TAMS 0x0000000086200000, 0x0000000086200000| Untracked 
|  57|0x0000000086300000, 0x0000000086300000, 0x0000000086400000|  0%| F|  |TAMS 0x0000000086300000, 0x0000000086300000| Untracked 
|  58|0x0000000086400000, 0x0000000086400000, 0x0000000086500000|  0%| F|  |TAMS 0x0000000086400000, 0x0000000086400000| Untracked 
|  59|0x0000000086500000, 0x0000000086500000, 0x0000000086600000|  0%| F|  |TAMS 0x0000000086500000, 0x0000000086500000| Untracked 
|  60|0x0000000086600000, 0x0000000086600000, 0x0000000086700000|  0%| F|  |TAMS 0x0000000086600000, 0x0000000086600000| Untracked 
|  61|0x0000000086700000, 0x0000000086700000, 0x0000000086800000|  0%| F|  |TAMS 0x0000000086700000, 0x0000000086700000| Untracked 
|  62|0x0000000086800000, 0x0000000086800000, 0x0000000086900000|  0%| F|  |TAMS 0x0000000086800000, 0x0000000086800000| Untracked 
|  63|0x0000000086900000, 0x0000000086900000, 0x0000000086a00000|  0%| F|  |TAMS 0x0000000086900000, 0x0000000086900000| Untracked 
|  64|0x0000000086a00000, 0x0000000086a00000, 0x0000000086b00000|  0%| F|  |TAMS 0x0000000086a00000, 0x0000000086a00000| Untracked 
|  65|0x0000000086b00000, 0x0000000086b00000, 0x0000000086c00000|  0%| F|  |TAMS 0x0000000086b00000, 0x0000000086b00000| Untracked 
|  66|0x0000000086c00000, 0x0000000086c00000, 0x0000000086d00000|  0%| F|  |TAMS 0x0000000086c00000, 0x0000000086c00000| Untracked 
|  67|0x0000000086d00000, 0x0000000086d00000, 0x0000000086e00000|  0%| F|  |TAMS 0x0000000086d00000, 0x0000000086d00000| Untracked 
|  68|0x0000000086e00000, 0x0000000086e00000, 0x0000000086f00000|  0%| F|  |TAMS 0x0000000086e00000, 0x0000000086e00000| Untracked 
|  69|0x0000000086f00000, 0x0000000086f00000, 0x0000000087000000|  0%| F|  |TAMS 0x0000000086f00000, 0x0000000086f00000| Untracked 
|  70|0x0000000087000000, 0x0000000087000000, 0x0000000087100000|  0%| F|  |TAMS 0x0000000087000000, 0x0000000087000000| Untracked 
|  71|0x0000000087100000, 0x0000000087100000, 0x0000000087200000|  0%| F|  |TAMS 0x0000000087100000, 0x0000000087100000| Untracked 
|  72|0x0000000087200000, 0x0000000087200000, 0x0000000087300000|  0%| F|  |TAMS 0x0000000087200000, 0x0000000087200000| Untracked 
|  73|0x0000000087300000, 0x0000000087300000, 0x0000000087400000|  0%| F|  |TAMS 0x0000000087300000, 0x0000000087300000| Untracked 
|  74|0x0000000087400000, 0x0000000087400000, 0x0000000087500000|  0%| F|  |TAMS 0x0000000087400000, 0x0000000087400000| Untracked 
|  75|0x0000000087500000, 0x0000000087500000, 0x0000000087600000|  0%| F|  |TAMS 0x0000000087500000, 0x0000000087500000| Untracked 
|  76|0x0000000087600000, 0x0000000087600000, 0x0000000087700000|  0%| F|  |TAMS 0x0000000087600000, 0x0000000087600000| Untracked 
|  77|0x0000000087700000, 0x0000000087700000, 0x0000000087800000|  0%| F|  |TAMS 0x0000000087700000, 0x0000000087700000| Untracked 
|  78|0x0000000087800000, 0x0000000087800000, 0x0000000087900000|  0%| F|  |TAMS 0x0000000087800000, 0x0000000087800000| Untracked 
|  79|0x0000000087900000, 0x0000000087900000, 0x0000000087a00000|  0%| F|  |TAMS 0x0000000087900000, 0x0000000087900000| Untracked 
|  80|0x0000000087a00000, 0x0000000087a00000, 0x0000000087b00000|  0%| F|  |TAMS 0x0000000087a00000, 0x0000000087a00000| Untracked 
|  81|0x0000000087b00000, 0x0000000087b00000, 0x0000000087c00000|  0%| F|  |TAMS 0x0000000087b00000, 0x0000000087b00000| Untracked 
|  82|0x0000000087c00000, 0x0000000087c00000, 0x0000000087d00000|  0%| F|  |TAMS 0x0000000087c00000, 0x0000000087c00000| Untracked 
|  83|0x0000000087d00000, 0x0000000087d00000, 0x0000000087e00000|  0%| F|  |TAMS 0x0000000087d00000, 0x0000000087d00000| Untracked 
|  84|0x0000000087e00000, 0x0000000087e00000, 0x0000000087f00000|  0%| F|  |TAMS 0x0000000087e00000, 0x0000000087e00000| Untracked 
|  85|0x0000000087f00000, 0x0000000087f00000, 0x0000000088000000|  0%| F|  |TAMS 0x0000000087f00000, 0x0000000087f00000| Untracked 
|  86|0x0000000088000000, 0x0000000088000000, 0x0000000088100000|  0%| F|  |TAMS 0x0000000088000000, 0x0000000088000000| Untracked 
|  87|0x0000000088100000, 0x0000000088100000, 0x0000000088200000|  0%| F|  |TAMS 0x0000000088100000, 0x0000000088100000| Untracked 
|  88|0x0000000088200000, 0x0000000088200000, 0x0000000088300000|  0%| F|  |TAMS 0x0000000088200000, 0x0000000088200000| Untracked 
|  89|0x0000000088300000, 0x0000000088300000, 0x0000000088400000|  0%| F|  |TAMS 0x0000000088300000, 0x0000000088300000| Untracked 
|  90|0x0000000088400000, 0x0000000088400000, 0x0000000088500000|  0%| F|  |TAMS 0x0000000088400000, 0x0000000088400000| Untracked 
|  91|0x0000000088500000, 0x0000000088500000, 0x0000000088600000|  0%| F|  |TAMS 0x0000000088500000, 0x0000000088500000| Untracked 
|  92|0x0000000088600000, 0x0000000088600000, 0x0000000088700000|  0%| F|  |TAMS 0x0000000088600000, 0x0000000088600000| Untracked 
|  93|0x0000000088700000, 0x0000000088700000, 0x0000000088800000|  0%| F|  |TAMS 0x0000000088700000, 0x0000000088700000| Untracked 
|  94|0x0000000088800000, 0x0000000088800000, 0x0000000088900000|  0%| F|  |TAMS 0x0000000088800000, 0x0000000088800000| Untracked 
|  95|0x0000000088900000, 0x0000000088900000, 0x0000000088a00000|  0%| F|  |TAMS 0x0000000088900000, 0x0000000088900000| Untracked 
|  96|0x0000000088a00000, 0x0000000088a00000, 0x0000000088b00000|  0%| F|  |TAMS 0x0000000088a00000, 0x0000000088a00000| Untracked 
|  97|0x0000000088b00000, 0x0000000088b00000, 0x0000000088c00000|  0%| F|  |TAMS 0x0000000088b00000, 0x0000000088b00000| Untracked 
|  98|0x0000000088c00000, 0x0000000088c00000, 0x0000000088d00000|  0%| F|  |TAMS 0x0000000088c00000, 0x0000000088c00000| Untracked 
|  99|0x0000000088d00000, 0x0000000088d00000, 0x0000000088e00000|  0%| F|  |TAMS 0x0000000088d00000, 0x0000000088d00000| Untracked 
| 100|0x0000000088e00000, 0x0000000088e00000, 0x0000000088f00000|  0%| F|  |TAMS 0x0000000088e00000, 0x0000000088e00000| Untracked 
| 101|0x0000000088f00000, 0x0000000088f00000, 0x0000000089000000|  0%| F|  |TAMS 0x0000000088f00000, 0x0000000088f00000| Untracked 
| 102|0x0000000089000000, 0x0000000089000000, 0x0000000089100000|  0%| F|  |TAMS 0x0000000089000000, 0x0000000089000000| Untracked 
| 103|0x0000000089100000, 0x0000000089100000, 0x0000000089200000|  0%| F|  |TAMS 0x0000000089100000, 0x0000000089100000| Untracked 
| 104|0x0000000089200000, 0x0000000089200000, 0x0000000089300000|  0%| F|  |TAMS 0x0000000089200000, 0x0000000089200000| Untracked 
| 105|0x0000000089300000, 0x0000000089300000, 0x0000000089400000|  0%| F|  |TAMS 0x0000000089300000, 0x0000000089300000| Untracked 
| 106|0x0000000089400000, 0x0000000089400000, 0x0000000089500000|  0%| F|  |TAMS 0x0000000089400000, 0x0000000089400000| Untracked 
| 107|0x0000000089500000, 0x0000000089500000, 0x0000000089600000|  0%| F|  |TAMS 0x0000000089500000, 0x0000000089500000| Untracked 
| 108|0x0000000089600000, 0x0000000089600000, 0x0000000089700000|  0%| F|  |TAMS 0x0000000089600000, 0x0000000089600000| Untracked 
| 109|0x0000000089700000, 0x0000000089700000, 0x0000000089800000|  0%| F|  |TAMS 0x0000000089700000, 0x0000000089700000| Untracked 
| 110|0x0000000089800000, 0x0000000089800000, 0x0000000089900000|  0%| F|  |TAMS 0x0000000089800000, 0x0000000089800000| Untracked 
| 111|0x0000000089900000, 0x0000000089900000, 0x0000000089a00000|  0%| F|  |TAMS 0x0000000089900000, 0x0000000089900000| Untracked 
| 112|0x0000000089a00000, 0x0000000089a00000, 0x0000000089b00000|  0%| F|  |TAMS 0x0000000089a00000, 0x0000000089a00000| Untracked 
| 113|0x0000000089b00000, 0x0000000089b00000, 0x0000000089c00000|  0%| F|  |TAMS 0x0000000089b00000, 0x0000000089b00000| Untracked 
| 114|0x0000000089c00000, 0x0000000089c00000, 0x0000000089d00000|  0%| F|  |TAMS 0x0000000089c00000, 0x0000000089c00000| Untracked 
| 115|0x0000000089d00000, 0x0000000089d00000, 0x0000000089e00000|  0%| F|  |TAMS 0x0000000089d00000, 0x0000000089d00000| Untracked 
| 116|0x0000000089e00000, 0x0000000089e00000, 0x0000000089f00000|  0%| F|  |TAMS 0x0000000089e00000, 0x0000000089e00000| Untracked 
| 117|0x0000000089f00000, 0x0000000089f00000, 0x000000008a000000|  0%| F|  |TAMS 0x0000000089f00000, 0x0000000089f00000| Untracked 
| 118|0x000000008a000000, 0x000000008a000000, 0x000000008a100000|  0%| F|  |TAMS 0x000000008a000000, 0x000000008a000000| Untracked 
| 119|0x000000008a100000, 0x000000008a100000, 0x000000008a200000|  0%| F|  |TAMS 0x000000008a100000, 0x000000008a100000| Untracked 
| 120|0x000000008a200000, 0x000000008a200800, 0x000000008a300000|  0%| E|  |TAMS 0x000000008a200000, 0x000000008a200000| Complete 
| 121|0x000000008a300000, 0x000000008a400000, 0x000000008a400000|100%| E|CS|TAMS 0x000000008a300000, 0x000000008a300000| Complete 
| 122|0x000000008a400000, 0x000000008a500000, 0x000000008a500000|100%| E|CS|TAMS 0x000000008a400000, 0x000000008a400000| Complete 
| 123|0x000000008a500000, 0x000000008a600000, 0x000000008a600000|100%| E|CS|TAMS 0x000000008a500000, 0x000000008a500000| Complete 
| 124|0x000000008a600000, 0x000000008a700000, 0x000000008a700000|100%| E|CS|TAMS 0x000000008a600000, 0x000000008a600000| Complete 
| 125|0x000000008a700000, 0x000000008a800000, 0x000000008a800000|100%| E|CS|TAMS 0x000000008a700000, 0x000000008a700000| Complete 

Card table byte_map: [0x0000022241930000,0x0000022241d20000] _byte_map_base: 0x000002224151b000

Marking Bits (Prev, Next): (CMBitMap*) 0x0000022229aacc68, (CMBitMap*) 0x0000022229aacca8
 Prev Bits: [0x0000022242110000, 0x0000022244068000)
 Next Bits: [0x0000022244070000, 0x0000022245fc8000)

Polling page: 0x0000022229240000

Metaspace:

Usage:
  Non-class:      4.14 MB capacity,   562.67 KB ( 13%) used,     3.59 MB ( 87%) free+waste,   448 bytes ( <1%) overhead. 
      Class:    424.00 KB capacity,    36.26 KB (  9%) used,   387.37 KB ( 91%) free+waste,   384 bytes ( <1%) overhead. 
       Both:      4.55 MB capacity,   598.93 KB ( 13%) used,     3.97 MB ( 87%) free+waste,   832 bytes ( <1%) overhead. 

Virtual space:
  Non-class space:        8.00 MB reserved,       4.25 MB ( 53%) committed 
      Class space:        1.00 GB reserved,     512.00 KB ( <1%) committed 
             Both:        1.01 GB reserved,       4.75 MB ( <1%) committed 

Chunk freelists:
   Non-Class:  48.00 KB
       Class:  24.00 KB
        Both:  72.00 KB

MaxMetaspaceSize: 17179869184.00 GB
CompressedClassSpaceSize: 1.00 GB

CodeHeap 'non-profiled nmethods': size=120000Kb used=83Kb max_used=83Kb free=119916Kb
 bounds [0x0000022239ce0000, 0x0000022239f50000, 0x0000022241210000]
CodeHeap 'profiled nmethods': size=120000Kb used=414Kb max_used=414Kb free=119585Kb
 bounds [0x00000222327b0000, 0x0000022232a20000, 0x0000022239ce0000]
CodeHeap 'non-nmethods': size=5760Kb used=1065Kb max_used=1080Kb free=4695Kb
 bounds [0x0000022232210000, 0x0000022232480000, 0x00000222327b0000]
 total_blobs=564 nmethods=276 adapters=201
 compilation: enabled
              stopped_count=0, restarted_count=0
 full_count=0

Compilation events (20 events):
Event: 0.144 Thread 0x0000022248a38000  262  s    3       java.lang.StringBuffer::append (13 bytes)
Event: 0.144 Thread 0x0000022248a38000 nmethod 262 0x0000022232812310 code [0x00000222328124c0, 0x00000222328127e8]
Event: 0.144 Thread 0x0000022248a38000  265       3       java.lang.String::toUpperCase (8 bytes)
Event: 0.144 Thread 0x0000022248a38000 nmethod 265 0x0000022232812890 code [0x0000022232812a60, 0x0000022232812df8]
Event: 0.144 Thread 0x0000022248a38000  258       3       java.lang.String::indexOf (64 bytes)
Event: 0.145 Thread 0x0000022248a38000 nmethod 258 0x0000022232812f10 code [0x0000022232813160, 0x0000022232813a88]
Event: 0.147 Thread 0x0000022248a37000  268       4       java.lang.StringLatin1::toLowerCase (186 bytes)
Event: 0.150 Thread 0x0000022248a38000  270       3       java.util.concurrent.ConcurrentHashMap::get (162 bytes)
Event: 0.150 Thread 0x0000022248a38000 nmethod 270 0x0000022232813e10 code [0x0000022232814060, 0x0000022232814d98]
Event: 0.150 Thread 0x0000022248a38000  271       3       java.lang.StringLatin1::replace (198 bytes)
Event: 0.151 Thread 0x0000022248a38000 nmethod 271 0x0000022232815110 code [0x0000022232815380, 0x0000022232816128]
Event: 0.153 Thread 0x0000022248a38000  273       3       java.lang.String::getChars (54 bytes)
Event: 0.153 Thread 0x0000022248a38000 nmethod 273 0x0000022232816690 code [0x0000022232816880, 0x0000022232816d58]
Event: 0.153 Thread 0x0000022248a38000  274       3       java.lang.StringLatin1::getChars (12 bytes)
Event: 0.153 Thread 0x0000022248a38000 nmethod 274 0x0000022232816f90 code [0x0000022232817140, 0x0000022232817398]
Event: 0.154 Thread 0x0000022248a37000 nmethod 268 0x0000022239cf3890 code [0x0000022239cf3ae0, 0x0000022239cf4358]
Event: 0.155 Thread 0x0000022248a37000  275 %     4       java.lang.StringCoding::hasNegatives @ 2 (25 bytes)
Event: 0.158 Thread 0x0000022248a37000 nmethod 275% 0x0000022239cf4790 code [0x0000022239cf4940, 0x0000022239cf4bf8]
Event: 0.163 Thread 0x0000022248a38000  276       3       java.nio.Buffer::position (55 bytes)
Event: 0.163 Thread 0x0000022248a38000 nmethod 276 0x0000022232817590 code [0x0000022232817740, 0x00000222328179c8]

GC Heap History (0 events):
No events

Deoptimization events (20 events):
Event: 0.081 Thread 0x0000022229a68800 DEOPT PACKING pc=0x00000222327cca4b sp=0x0000006eaecfc1b0
Event: 0.081 Thread 0x0000022229a68800 DEOPT UNPACKING pc=0x000002223225964e sp=0x0000006eaecfb680 mode 0
Event: 0.081 Thread 0x0000022229a68800 DEOPT PACKING pc=0x00000222327cca4b sp=0x0000006eaecfc1b0
Event: 0.081 Thread 0x0000022229a68800 DEOPT UNPACKING pc=0x000002223225964e sp=0x0000006eaecfb680 mode 0
Event: 0.081 Thread 0x0000022229a68800 DEOPT PACKING pc=0x00000222327cca4b sp=0x0000006eaecfc1b0
Event: 0.081 Thread 0x0000022229a68800 DEOPT UNPACKING pc=0x000002223225964e sp=0x0000006eaecfb680 mode 0
Event: 0.082 Thread 0x0000022229a68800 DEOPT PACKING pc=0x00000222327cd08e sp=0x0000006eaecfc1e0
Event: 0.082 Thread 0x0000022229a68800 DEOPT UNPACKING pc=0x000002223225964e sp=0x0000006eaecfb680 mode 0
Event: 0.083 Thread 0x0000022229a68800 DEOPT PACKING pc=0x00000222327cca4b sp=0x0000006eaecfc1b0
Event: 0.083 Thread 0x0000022229a68800 DEOPT UNPACKING pc=0x000002223225964e sp=0x0000006eaecfb680 mode 0
Event: 0.083 Thread 0x0000022229a68800 DEOPT PACKING pc=0x00000222327cd08e sp=0x0000006eaecfc1e0
Event: 0.083 Thread 0x0000022229a68800 DEOPT UNPACKING pc=0x000002223225964e sp=0x0000006eaecfb680 mode 0
Event: 0.083 Thread 0x0000022229a68800 DEOPT PACKING pc=0x00000222327cca4b sp=0x0000006eaecfc1b0
Event: 0.083 Thread 0x0000022229a68800 DEOPT UNPACKING pc=0x000002223225964e sp=0x0000006eaecfb680 mode 0
Event: 0.083 Thread 0x0000022229a68800 DEOPT PACKING pc=0x00000222327cd08e sp=0x0000006eaecfc1e0
Event: 0.083 Thread 0x0000022229a68800 DEOPT UNPACKING pc=0x000002223225964e sp=0x0000006eaecfb680 mode 0
Event: 0.111 Thread 0x0000022229a68800 Uncommon trap: trap_request=0xffffff45 fr.pc=0x0000022239ced7e4 relative=0x00000000000001c4
Event: 0.111 Thread 0x0000022229a68800 Uncommon trap: reason=unstable_if action=reinterpret pc=0x0000022239ced7e4 method=java.util.zip.ZipFile$Source.isMetaName([BII)Z @ 43 c2
Event: 0.111 Thread 0x0000022229a68800 DEOPT PACKING pc=0x0000022239ced7e4 sp=0x0000006eaecfc1e0
Event: 0.111 Thread 0x0000022229a68800 DEOPT UNPACKING pc=0x000002223225912f sp=0x0000006eaecfc188 mode 2

Classes unloaded (0 events):
No events

Classes redefined (0 events):
No events

Internal exceptions (4 events):
Event: 0.140 Thread 0x0000022229a68800 Exception <a 'java/io/FileNotFoundException'{0x000000008a31ffc8}> (0x000000008a31ffc8) 
thrown [./open/src/hotspot/share/prims/jni.cpp, line 599]
Event: 0.142 Thread 0x0000022229a68800 Exception <a 'java/io/FileNotFoundException'{0x000000008a331c48}> (0x000000008a331c48) 
thrown [./open/src/hotspot/share/prims/jni.cpp, line 599]
Event: 0.145 Thread 0x0000022229a68800 Exception <a 'java/io/FileNotFoundException'{0x000000008a343828}> (0x000000008a343828) 
thrown [./open/src/hotspot/share/prims/jni.cpp, line 599]
Event: 0.147 Thread 0x0000022229a68800 Exception <a 'java/io/FileNotFoundException'{0x000000008a354ef8}> (0x000000008a354ef8) 
thrown [./open/src/hotspot/share/prims/jni.cpp, line 599]

Events (20 events):
Event: 0.130 loading class java/lang/InterruptedException done
Event: 0.133 Executing VM operation: HandshakeAllThreads
Event: 0.133 Executing VM operation: HandshakeAllThreads done
Event: 0.134 loading class java/lang/ClassLoaderHelper
Event: 0.134 loading class java/lang/ClassLoaderHelper done
Event: 0.137 Loaded shared library C:\Users\user\Desktop\IIS\Server\rxtxSerial.dll
Event: 0.149 loading class java/util/TooManyListenersException
Event: 0.149 loading class java/util/TooManyListenersException done
Event: 0.152 loading class java/lang/NumberFormatException
Event: 0.152 loading class java/lang/NumberFormatException done
Event: 0.153 loading class java/lang/IndexOutOfBoundsException
Event: 0.153 loading class java/lang/IndexOutOfBoundsException done
Event: 0.156 Thread 0x00000222494b1000 Thread added: 0x00000222494b1000
Event: 0.163 Thread 0x00000222494ae800 Thread added: 0x00000222494ae800
Event: 0.163 Thread 0x0000022229a68800 Thread exited: 0x0000022229a68800
Event: 0.163 Thread 0x00000222494b2000 Thread added: 0x00000222494b2000
Event: 0.163 Executing VM operation: HandshakeOneThread
Event: 0.163 Executing VM operation: HandshakeOneThread done
Event: 0.164 Executing VM operation: HandshakeOneThread
Event: 0.164 Executing VM operation: HandshakeOneThread done


Dynamic libraries:
0x00007ff758250000 - 0x00007ff75825f000 	C:\Program Files\Java\jdk-14.0.2\bin\javaw.exe
0x00007ff87f3b0000 - 0x00007ff87f5a5000 	C:\WINDOWS\SYSTEM32\ntdll.dll
0x00007ff86d5d0000 - 0x00007ff86d5e6000 	C:\Program Files\Avast Software\Avast\aswhook.dll
0x00007ff87df50000 - 0x00007ff87e00e000 	C:\WINDOWS\System32\KERNEL32.DLL
0x00007ff87cda0000 - 0x00007ff87d068000 	C:\WINDOWS\System32\KERNELBASE.dll
0x00007ff87cc50000 - 0x00007ff87cd50000 	C:\WINDOWS\System32\ucrtbase.dll
0x00007ff873e30000 - 0x00007ff873e45000 	C:\Program Files\Java\jdk-14.0.2\bin\VCRUNTIME140.dll
0x00007ff86c880000 - 0x00007ff86c898000 	C:\Program Files\Java\jdk-14.0.2\bin\jli.dll
0x00007ff87d410000 - 0x00007ff87d4be000 	C:\WINDOWS\System32\ADVAPI32.dll
0x00007ff87e890000 - 0x00007ff87e92e000 	C:\WINDOWS\System32\msvcrt.dll
0x00007ff87dc60000 - 0x00007ff87dcfc000 	C:\WINDOWS\System32\sechost.dll
0x00007ff87da10000 - 0x00007ff87db35000 	C:\WINDOWS\System32\RPCRT4.dll
0x00007ff87f1d0000 - 0x00007ff87f370000 	C:\WINDOWS\System32\USER32.dll
0x00007ff87cc20000 - 0x00007ff87cc42000 	C:\WINDOWS\System32\win32u.dll
0x00007ff868580000 - 0x00007ff86881a000 	C:\WINDOWS\WinSxS\amd64_microsoft.windows.common-controls_6595b64144ccf1df_6.0.19041.1110_none_60b5254171f9507e\COMCTL32.dll
0x00007ff87e930000 - 0x00007ff87e95b000 	C:\WINDOWS\System32\GDI32.dll
0x00007ff87d240000 - 0x00007ff87d34b000 	C:\WINDOWS\System32\gdi32full.dll
0x00007ff87cb80000 - 0x00007ff87cc1d000 	C:\WINDOWS\System32\msvcp_win.dll
0x00007ff874260000 - 0x00007ff87426a000 	C:\WINDOWS\SYSTEM32\VERSION.dll
0x00007ff87f0b0000 - 0x00007ff87f0e0000 	C:\WINDOWS\System32\IMM32.DLL
0x00007ff843c90000 - 0x00007ff843d2b000 	C:\Program Files\Java\jdk-14.0.2\bin\msvcp140.dll
0x00007ff8053c0000 - 0x00007ff805ede000 	C:\Program Files\Java\jdk-14.0.2\bin\server\jvm.dll
0x00007ff87df40000 - 0x00007ff87df48000 	C:\WINDOWS\System32\PSAPI.DLL
0x00007ff867040000 - 0x00007ff867049000 	C:\WINDOWS\SYSTEM32\WSOCK32.dll
0x00007ff867540000 - 0x00007ff867567000 	C:\WINDOWS\SYSTEM32\WINMM.dll
0x00007ff87d940000 - 0x00007ff87d9ab000 	C:\WINDOWS\System32\WS2_32.dll
0x00007ff87b370000 - 0x00007ff87b382000 	C:\WINDOWS\SYSTEM32\kernel.appcore.dll
0x00007ff87b310000 - 0x00007ff87b31a000 	C:\Program Files\Java\jdk-14.0.2\bin\jimage.dll
0x00007ff87b080000 - 0x00007ff87b264000 	C:\WINDOWS\SYSTEM32\DBGHELP.DLL
0x00007ff878030000 - 0x00007ff87805c000 	C:\WINDOWS\SYSTEM32\dbgcore.DLL
0x00007ff87d380000 - 0x00007ff87d402000 	C:\WINDOWS\System32\bcryptPrimitives.dll
0x00007ff8738c0000 - 0x00007ff8738e5000 	C:\Program Files\Java\jdk-14.0.2\bin\java.dll
0x00007ff8746a0000 - 0x00007ff8746b6000 	C:\Program Files\Java\jdk-14.0.2\bin\zip.dll
0x00007ff87e960000 - 0x00007ff87f0a4000 	C:\WINDOWS\System32\SHELL32.dll
0x00007ff87a820000 - 0x00007ff87afb4000 	C:\WINDOWS\SYSTEM32\windows.storage.dll
0x00007ff87d4c0000 - 0x00007ff87d814000 	C:\WINDOWS\System32\combase.dll
0x00007ff87c530000 - 0x00007ff87c55c000 	C:\WINDOWS\SYSTEM32\Wldp.dll
0x00007ff87dd00000 - 0x00007ff87ddad000 	C:\WINDOWS\System32\SHCORE.dll
0x00007ff87f0e0000 - 0x00007ff87f135000 	C:\WINDOWS\System32\shlwapi.dll
0x00007ff87ca10000 - 0x00007ff87ca2f000 	C:\WINDOWS\SYSTEM32\profapi.dll
0x00007ff873830000 - 0x00007ff873849000 	C:\Program Files\Java\jdk-14.0.2\bin\net.dll
0x00007ff869f50000 - 0x00007ff86a059000 	C:\WINDOWS\SYSTEM32\WINHTTP.dll
0x00007ff87c290000 - 0x00007ff87c2fa000 	C:\WINDOWS\system32\mswsock.dll
0x00007ff86c5e0000 - 0x00007ff86c5f2000 	C:\Program Files\Java\jdk-14.0.2\bin\nio.dll
0x00007ff87b2b0000 - 0x00007ff87b2c0000 	C:\Program Files\Java\jdk-14.0.2\bin\verify.dll
0x0000000180000000 - 0x0000000180025000 	C:\Users\user\Desktop\IIS\Server\rxtxSerial.dll

dbghelp: loaded successfully - version: 4.0.5 - missing functions: none
symbol engine: initialized successfully - sym options: 0x614 - pdb path: .;C:\Program Files\Java\jdk-14.0.2\bin;C:\WINDOWS\SYSTEM32;C:\Program Files\Avast Software\Avast;C:\WINDOWS\WinSxS\amd64_microsoft.windows.common-controls_6595b64144ccf1df_6.0.19041.1110_none_60b5254171f9507e;C:\Program Files\Java\jdk-14.0.2\bin\server;C:\Users\user\Desktop\IIS\Server

VM Arguments:
jvm_args: -Dfile.encoding=Cp1252 
java_command: Server.Serial
java_class_path (initial): C:\Users\user\Desktop\IIS\Server\bin\main;C:\Users\user\.gradle\caches\modules-2\files-2.1\org.apache.commons\commons-math3\3.6.1\e4ba98f1d4b3c80ec46392f25e094a6a2e58fcbf\commons-math3-3.6.1.jar;C:\Users\user\.gradle\caches\modules-2\files-2.1\com.google.guava\guava\28.2-jre\8ec9ed76528425762174f0011ce8f74ad845b756\guava-28.2-jre.jar;C:\Users\user\.gradle\caches\modules-2\files-2.1\com.google.guava\failureaccess\1.0.1\1dcf1de382a0bf95a3d8b0849546c88bac1292c9\failureaccess-1.0.1.jar;C:\Users\user\.gradle\caches\modules-2\files-2.1\com.google.code.findbugs\jsr305\3.0.2\25ea2e8b0c338a877313bd4672d3fe056ea78f0d\jsr305-3.0.2.jar;C:\Users\user\.gradle\caches\modules-2\files-2.1\org.checkerframework\checker-qual\2.10.0\5786699a0cb71f9dc32e6cca1d665eef07a0882f\checker-qual-2.10.0.jar;C:\Users\user\.gradle\caches\modules-2\files-2.1\com.google.errorprone\error_prone_annotations\2.3.4\dac170e4594de319655ffb62f41cbd6dbb5e601e\error_prone_annotations-2.3.4.jar;C:\Users\user\.gradle\caches\modules-2\files-2.1\com.google.j2objc\j2objc-annotations\1.3\ba035118bc8bac37d7eff77700720999acd9986d\j2objc-annotations-1.3.jar;C:\Users\user\Desktop\IIS\Server\libs\firebase\api-common-1.7.0.jar;C:\Users\user\Desktop\IIS\Server\libs\firebase\auto-value-1.4.jar;C:\Users\user\Desktop\IIS\Server\libs\firebase\commons-codec-1.10.jar;C:\Users\user\Desktop\IIS\Server\libs\firebase\commons-logging-1.2.jar;C:\Users\user\Desktop\IIS\Server\libs\firebase\error_prone_annotations-2.1.2.jar;C:\Users\user\Desktop\IIS\Server\libs\firebase\firebase-admin-6.5.0.jar;C:\Users\user\Desktop\IIS\Server\libs\firebase\gax-1.30.0.jar;C:\Users\user\Desktop\IIS\Server\libs\firebase\gax-grpc-1.30.0.jar;C:\Users\user\Desktop\IIS\Server\libs\firebase\gax-httpjson-0.47.0.jar;C:\Users\user\Desktop\IIS\Server\libs\firebase\google-api-client-1.25.0.jar;C:\Users\user\Desktop\IIS\Server\libs\firebase\google-api-client-gson-1.25.0.jar;C:\Users\user\Desktop\IIS\Server\libs\firebase\google-api-service
Launcher Type: SUN_STANDARD

[Global flags]
     intx CICompilerCount                          = 4                                         {product} {ergonomic}
     uint ConcGCThreads                            = 2                                         {product} {ergonomic}
     uint G1ConcRefinementThreads                  = 8                                         {product} {ergonomic}
   size_t G1HeapRegionSize                         = 1048576                                   {product} {ergonomic}
    uintx GCDrainStackTargetSize                   = 64                                        {product} {ergonomic}
   size_t InitialHeapSize                          = 132120576                                 {product} {ergonomic}
   size_t MarkStackSize                            = 4194304                                   {product} {ergonomic}
   size_t MaxHeapSize                              = 2103443456                                {product} {ergonomic}
   size_t MaxNewSize                               = 1261436928                                {product} {ergonomic}
   size_t MinHeapDeltaBytes                        = 1048576                                   {product} {ergonomic}
   size_t MinHeapSize                              = 8388608                                   {product} {ergonomic}
    uintx NonNMethodCodeHeapSize                   = 5839372                                {pd product} {ergonomic}
    uintx NonProfiledCodeHeapSize                  = 122909434                              {pd product} {ergonomic}
    uintx ProfiledCodeHeapSize                     = 122909434                              {pd product} {ergonomic}
    uintx ReservedCodeCacheSize                    = 251658240                              {pd product} {ergonomic}
     bool SegmentedCodeCache                       = true                                      {product} {ergonomic}
   size_t SoftMaxHeapSize                          = 2103443456                             {manageable} {ergonomic}
     bool UseCompressedClassPointers               = true                                 {lp64_product} {ergonomic}
     bool UseCompressedOops                        = true                                 {lp64_product} {ergonomic}
     bool UseG1GC                                  = true                                      {product} {ergonomic}
     bool UseLargePagesIndividualAllocation        = false                                  {pd product} {ergonomic}

Logging:
Log output configuration:
 #0: stdout all=warning uptime,level,tags
 #1: stderr all=off uptime,level,tags

Environment Variables:
JAVA_HOME=C:\Program Files\Java\jdk1.8.0_291
PATH=C:/Program Files/Java/jdk-14.0.2/bin/server;C:/Program Files/Java/jdk-14.0.2/bin;C:\app\user\product\18.0.0\dbhomeXE\bin;C:\Program Files (x86)\Common Files\Oracle\Java\javapath;C:\Program Files\Common Files\Oracle\Java\javapath;C:\WINDOWS\system32;C:\WINDOWS;C:\WINDOWS\System32\Wbem;C:\WINDOWS\System32\WindowsPowerShell\v1.0\;C:\WINDOWS\System32\OpenSSH\;C:\xampp\php;C:\ProgramData\ComposerSetup\bin;C:\Spark\spark-3.1.2-bin-hadoop3.2\bin;C:\Hadoop\bin;C:\Users\user\AppData\Local\Programs\Python\Python38;C:\Program Files\dotnet\;C:\Program Files\Java\jdk-16.0.1\bin;C:\Users\user\AppData\Local\Microsoft\WindowsApps;C:\Users\user\AppData\Local\GitHubDesktop\bin;C:\Users\user\.dotnet\tools;C:\WINDOWS\System32;
USERNAME=user
OS=Windows_NT
PROCESSOR_IDENTIFIER=Intel64 Family 6 Model 165 Stepping 2, GenuineIntel



---------------  S Y S T E M  ---------------

OS: Windows 10 , 64 bit Build 19041 (10.0.19041.1566)
OS uptime: 25 days 4:06 hours

CPU:total 8 (initial active 8) (4 cores per cpu, 2 threads per core) family 6 model 165 stepping 2, cmov, cx8, fxsr, mmx, sse, sse2, sse3, ssse3, sse4.1, sse4.2, popcnt, avx, avx2, aes, clmul, erms, 3dnowpref, lzcnt, ht, tsc, tscinvbit, bmi1, bmi2, adx, fma

Memory: 4k page, system-wide physical 8023M (889M free)
TotalPageFile size 16542M (AvailPageFile size 2453M)
current process WorkingSet (physical memory assigned to process): 36M, peak: 36M
current process commit charge ("private bytes"): 216M, peak: 216M

vm_info: Java HotSpot(TM) 64-Bit Server VM (14.0.2+12-46) for windows-amd64 JRE (14.0.2+12-46), built on Jul  9 2020 00:35:52 by "mach5one" with MS VC++ 15.9 (VS2017)

END.
